0 info it worked if it ends with ok
1 verbose cli [ '/home/debjit/.nvm/versions/node/v6.1.0/bin/node',
1 verbose cli   '/home/debjit/.nvm/versions/node/v6.1.0/bin/npm',
1 verbose cli   'start',
1 verbose cli   '--',
1 verbose cli   '--port',
1 verbose cli   '7000' ]
2 info using npm@3.8.6
3 info using node@v6.1.0
4 verbose run-script [ 'prestart', 'start', 'poststart' ]
5 info lifecycle elm-webpack-starter@0.7.1~prestart: elm-webpack-starter@0.7.1
6 silly lifecycle elm-webpack-starter@0.7.1~prestart: no script for prestart, continuing
7 info lifecycle elm-webpack-starter@0.7.1~start: elm-webpack-starter@0.7.1
8 verbose lifecycle elm-webpack-starter@0.7.1~start: unsafe-perm in lifecycle true
9 verbose lifecycle elm-webpack-starter@0.7.1~start: PATH: /home/debjit/.nvm/versions/node/v6.1.0/lib/node_modules/npm/bin/node-gyp-bin:/home/debjit/code/github/canvas-elm-poc/node_modules/.bin:/home/debjit/.nvm/versions/node/v6.1.0/bin:/home/debjit/.nvm/versions/node/v6.1.0/bin:/home/debjit/.rvm/gems/ruby-1.9.3-p551/bin:/home/debjit/.rvm/gems/ruby-1.9.3-p551@global/bin:/home/debjit/.rvm/rubies/ruby-1.9.3-p551/bin:/home/debjit/bin:/usr/local/sbin:/usr/local/bin:/usr/sbin:/usr/bin:/sbin:/bin:/usr/games:/usr/local/games:/home/debjit/.cabal/bin:/home/debjit/.rvm/bin
10 verbose lifecycle elm-webpack-starter@0.7.1~start: CWD: /home/debjit/code/github/canvas-elm-poc
11 silly lifecycle elm-webpack-starter@0.7.1~start: Args: [ '-c',
11 silly lifecycle   'webpack-dev-server --hot --inline --content-base src/ "--port" "7000"' ]
12 silly lifecycle elm-webpack-starter@0.7.1~start: Returned: code: 134  signal: null
13 info lifecycle elm-webpack-starter@0.7.1~start: Failed to exec start script
14 verbose stack Error: elm-webpack-starter@0.7.1 start: `webpack-dev-server --hot --inline --content-base src/ "--port" "7000"`
14 verbose stack Exit status 134
14 verbose stack     at EventEmitter.<anonymous> (/home/debjit/.nvm/versions/node/v6.1.0/lib/node_modules/npm/lib/utils/lifecycle.js:239:16)
14 verbose stack     at emitTwo (events.js:106:13)
14 verbose stack     at EventEmitter.emit (events.js:191:7)
14 verbose stack     at ChildProcess.<anonymous> (/home/debjit/.nvm/versions/node/v6.1.0/lib/node_modules/npm/lib/utils/spawn.js:24:14)
14 verbose stack     at emitTwo (events.js:106:13)
14 verbose stack     at ChildProcess.emit (events.js:191:7)
14 verbose stack     at maybeClose (internal/child_process.js:850:16)
14 verbose stack     at Process.ChildProcess._handle.onexit (internal/child_process.js:215:5)
15 verbose pkgid elm-webpack-starter@0.7.1
16 verbose cwd /home/debjit/code/github/canvas-elm-poc
17 error Linux 3.13.0-95-generic
18 error argv "/home/debjit/.nvm/versions/node/v6.1.0/bin/node" "/home/debjit/.nvm/versions/node/v6.1.0/bin/npm" "start" "--" "--port" "7000"
19 error node v6.1.0
20 error npm  v3.8.6
21 error code ELIFECYCLE
22 error elm-webpack-starter@0.7.1 start: `webpack-dev-server --hot --inline --content-base src/ "--port" "7000"`
22 error Exit status 134
23 error Failed at the elm-webpack-starter@0.7.1 start script 'webpack-dev-server --hot --inline --content-base src/ "--port" "7000"'.
23 error Make sure you have the latest version of node.js and npm installed.
23 error If you do, this is most likely a problem with the elm-webpack-starter package,
23 error not with npm itself.
23 error Tell the author that this fails on your system:
23 error     webpack-dev-server --hot --inline --content-base src/ "--port" "7000"
23 error You can get information on how to open an issue for this project with:
23 error     npm bugs elm-webpack-starter
23 error Or if that isn't available, you can get their info via:
23 error     npm owner ls elm-webpack-starter
23 error There is likely additional logging output above.
24 verbose exit [ 1, true ]
